# Start VZP
CAL 0 1 main
TNM 0 MainThread
CAL 0 2 CreateThread
CAL 1 2 ThreadMain
TNM 1 ProcessThread
RET 0 3 CreateThread
CAL 1 4 WaitForMessage
CAL 0 2 SendMessage
SND 0 0 message1
RET 0 0 SendMessage
CAL 0 0 WaitForAck
RCV 1 0 message1
RET 1 0 WaitForMessage
CAL 1 0 ProcessMessage
EVT 1 0 MessageProcessEvent
RET 1 0 ProcessMessage
CAL 1 2 SendMessage
SND 1 0 message2
RET 1 2 SendMessage
RCV 0 0 message2
RET 0 4 WaitForAck
CAL 0 4 ShowResult
CAL 1 0 WaitForMessage
EVT 0 0 DrawEvent
RET 0 4 ShowResult

